<?xml version="1.0" encoding="UTF-8"?>
<!-- Generated by org.testng.reporters.JUnitXMLReporter -->
<testsuite ignored="0" hostname="WKWZTWy0IzvCOOa" failures="0" tests="9" name="Test" time="34.289" errors="0" timestamp="2022-11-24T08:55:05 IST">
  <testcase classname="day3.Categories" name="ManageCategories" time="5.881"/>
  <testcase classname="day3.MyFirstTestNG" name="AccountCreated" time="0.001"/>
  <testcase classname="day3.MyFirstTestNG" name="logout" time="0.0"/>
  <testcase classname="day3.MyFirstTestNG" name="test1" time="0.0"/>
  <testcase classname="day3.MyFirstTestNG" name="login" time="0.0"/>
  <testcase classname="day3.SmokeTest" name="invalidCredentials" time="0.916"/>
  <testcase classname="day3.SmokeTest" name="invalidPassword" time="0.211"/>
  <testcase classname="day3.SmokeTest" name="invalidUsername" time="0.229"/>
  <testcase classname="day3.SmokeTest" name="validCredentials" time="3.366"/>
</testsuite> <!-- Test -->
