<?xml version="1.0" encoding="UTF-8"?>
<testng-results ignored="0" total="9" passed="9" failed="0" skipped="0">
  <reporter-output>
  </reporter-output>
  <suite started-at="2022-11-24T08:54:30 IST" name="Suite" finished-at="2022-11-24T08:55:05 IST" duration-ms="34289">
    <groups>
    </groups>
    <test started-at="2022-11-24T08:54:30 IST" name="Test" finished-at="2022-11-24T08:55:05 IST" duration-ms="34289">
      <class name="day3.Categories">
        <test-method is-config="true" signature="setup()[pri:0, instance:day3.Categories@2053d869]" started-at="2022-11-24T08:54:31 IST" name="setup" finished-at="2022-11-24T08:54:38 IST" duration-ms="7226" status="PASS">
          <reporter-output>
          </reporter-output>
        </test-method> <!-- setup -->
        <test-method signature="ManageCategories()[pri:0, instance:day3.Categories@2053d869]" started-at="2022-11-24T08:54:38 IST" name="ManageCategories" finished-at="2022-11-24T08:54:44 IST" duration-ms="5881" status="PASS">
          <reporter-output>
          </reporter-output>
        </test-method> <!-- ManageCategories -->
      </class> <!-- day3.Categories -->
      <class name="day3.SmokeTest">
        <test-method is-config="true" signature="setup()[pri:0, instance:day3.SmokeTest@4738a206]" started-at="2022-11-24T08:54:44 IST" name="setup" finished-at="2022-11-24T08:54:47 IST" duration-ms="3808" status="PASS">
          <reporter-output>
          </reporter-output>
        </test-method> <!-- setup -->
        <test-method signature="invalidCredentials()[pri:0, instance:day3.SmokeTest@4738a206]" started-at="2022-11-24T08:54:47 IST" name="invalidCredentials" finished-at="2022-11-24T08:54:48 IST" duration-ms="916" status="PASS">
          <reporter-output>
          </reporter-output>
        </test-method> <!-- invalidCredentials -->
        <test-method is-config="true" signature="tearDown()[pri:0, instance:day3.SmokeTest@4738a206]" started-at="2022-11-24T08:54:48 IST" name="tearDown" finished-at="2022-11-24T08:54:49 IST" duration-ms="310" status="PASS">
          <reporter-output>
          </reporter-output>
        </test-method> <!-- tearDown -->
        <test-method is-config="true" signature="setup()[pri:0, instance:day3.SmokeTest@4738a206]" started-at="2022-11-24T08:54:49 IST" name="setup" finished-at="2022-11-24T08:54:53 IST" duration-ms="3937" status="PASS">
          <reporter-output>
          </reporter-output>
        </test-method> <!-- setup -->
        <test-method signature="invalidPassword()[pri:0, instance:day3.SmokeTest@4738a206]" started-at="2022-11-24T08:54:53 IST" name="invalidPassword" finished-at="2022-11-24T08:54:53 IST" duration-ms="211" status="PASS">
          <reporter-output>
          </reporter-output>
        </test-method> <!-- invalidPassword -->
        <test-method is-config="true" signature="tearDown()[pri:0, instance:day3.SmokeTest@4738a206]" started-at="2022-11-24T08:54:53 IST" name="tearDown" finished-at="2022-11-24T08:54:53 IST" duration-ms="216" status="PASS">
          <reporter-output>
          </reporter-output>
        </test-method> <!-- tearDown -->
        <test-method is-config="true" signature="setup()[pri:0, instance:day3.SmokeTest@4738a206]" started-at="2022-11-24T08:54:53 IST" name="setup" finished-at="2022-11-24T08:54:57 IST" duration-ms="3891" status="PASS">
          <reporter-output>
          </reporter-output>
        </test-method> <!-- setup -->
        <test-method signature="invalidUsername()[pri:0, instance:day3.SmokeTest@4738a206]" started-at="2022-11-24T08:54:57 IST" name="invalidUsername" finished-at="2022-11-24T08:54:57 IST" duration-ms="229" status="PASS">
          <reporter-output>
          </reporter-output>
        </test-method> <!-- invalidUsername -->
        <test-method is-config="true" signature="tearDown()[pri:0, instance:day3.SmokeTest@4738a206]" started-at="2022-11-24T08:54:57 IST" name="tearDown" finished-at="2022-11-24T08:54:57 IST" duration-ms="191" status="PASS">
          <reporter-output>
          </reporter-output>
        </test-method> <!-- tearDown -->
        <test-method is-config="true" signature="setup()[pri:0, instance:day3.SmokeTest@4738a206]" started-at="2022-11-24T08:54:57 IST" name="setup" finished-at="2022-11-24T08:55:01 IST" duration-ms="3823" status="PASS">
          <reporter-output>
          </reporter-output>
        </test-method> <!-- setup -->
        <test-method signature="validCredentials()[pri:0, instance:day3.SmokeTest@4738a206]" started-at="2022-11-24T08:55:01 IST" name="validCredentials" finished-at="2022-11-24T08:55:05 IST" duration-ms="3366" status="PASS">
          <reporter-output>
          </reporter-output>
        </test-method> <!-- validCredentials -->
        <test-method is-config="true" signature="tearDown()[pri:0, instance:day3.SmokeTest@4738a206]" started-at="2022-11-24T08:55:05 IST" name="tearDown" finished-at="2022-11-24T08:55:05 IST" duration-ms="244" status="PASS">
          <reporter-output>
          </reporter-output>
        </test-method> <!-- tearDown -->
      </class> <!-- day3.SmokeTest -->
      <class name="day3.MyFirstTestNG">
        <test-method signature="AccountCreated()[pri:0, instance:day3.MyFirstTestNG@7e7be63f]" started-at="2022-11-24T08:54:44 IST" name="AccountCreated" finished-at="2022-11-24T08:54:44 IST" duration-ms="1" status="PASS">
          <reporter-output>
          </reporter-output>
        </test-method> <!-- AccountCreated -->
        <test-method signature="logout()[pri:0, instance:day3.MyFirstTestNG@7e7be63f]" started-at="2022-11-24T08:54:44 IST" name="logout" finished-at="2022-11-24T08:54:44 IST" duration-ms="0" status="PASS">
          <reporter-output>
          </reporter-output>
        </test-method> <!-- logout -->
        <test-method signature="test1()[pri:0, instance:day3.MyFirstTestNG@7e7be63f]" started-at="2022-11-24T08:54:44 IST" name="test1" finished-at="2022-11-24T08:54:44 IST" duration-ms="0" status="PASS">
          <reporter-output>
          </reporter-output>
        </test-method> <!-- test1 -->
        <test-method signature="login()[pri:1, instance:day3.MyFirstTestNG@7e7be63f]" started-at="2022-11-24T08:54:44 IST" name="login" finished-at="2022-11-24T08:54:44 IST" duration-ms="0" status="PASS">
          <reporter-output>
          </reporter-output>
        </test-method> <!-- login -->
      </class> <!-- day3.MyFirstTestNG -->
    </test> <!-- Test -->
  </suite> <!-- Suite -->
</testng-results>
