<?xml version="1.0" encoding="UTF-8"?>
<testng-results ignored="0" total="1" passed="1" failed="0" skipped="0">
  <reporter-output>
  </reporter-output>
  <suite started-at="2022-11-25T09:05:22 IST" name="Default suite" finished-at="2022-11-25T09:05:34 IST" duration-ms="11739">
    <groups>
    </groups>
    <test started-at="2022-11-25T09:05:22 IST" name="Default test" finished-at="2022-11-25T09:05:34 IST" duration-ms="11739">
      <class name="ParameterDemo.UploadFile">
        <test-method signature="test()[pri:0, instance:ParameterDemo.UploadFile@4efc180e]" started-at="2022-11-25T09:05:22 IST" name="test" finished-at="2022-11-25T09:05:34 IST" duration-ms="11700" status="PASS">
          <reporter-output>
          </reporter-output>
        </test-method> <!-- test -->
      </class> <!-- ParameterDemo.UploadFile -->
    </test> <!-- Default test -->
  </suite> <!-- Default suite -->
</testng-results>
